INFO:    underlay of /usr/bin/nvidia-smi required more than 50 (517) bind mounts
Args parsed!
Beginning training
Beginning epoch 1
Epoch 1, Bag number 100, Training Loss 0.70198, Training Accuracy = 0.44000
Beginning epoch 2
Epoch 2, Bag number 100, Training Loss 0.69729, Training Accuracy = 0.43000
Beginning epoch 3
Epoch 3, Bag number 100, Training Loss 0.69542, Training Accuracy = 0.44000
Beginning epoch 4
Epoch 4, Bag number 100, Training Loss 0.69230, Training Accuracy = 0.54000
Beginning epoch 5
Epoch 5, Bag number 100, Training Loss 0.69137, Training Accuracy = 0.58000
Beginning epoch 6
Epoch 6, Bag number 100, Training Loss 0.69098, Training Accuracy = 0.60000
Beginning epoch 7
Epoch 7, Bag number 100, Training Loss 0.69018, Training Accuracy = 0.60000
Beginning epoch 8
Epoch 8, Bag number 100, Training Loss 0.69060, Training Accuracy = 0.58000
Beginning epoch 9
Epoch 9, Bag number 100, Training Loss 0.68920, Training Accuracy = 0.61000
Beginning epoch 10
Epoch 10, Bag number 100, Training Loss 0.68834, Training Accuracy = 0.65000
Beginning epoch 11
Epoch 11, Bag number 100, Training Loss 0.68605, Training Accuracy = 0.64000
Beginning epoch 12
Epoch 12, Bag number 100, Training Loss 0.68709, Training Accuracy = 0.64000
Beginning epoch 13
Epoch 13, Bag number 100, Training Loss 0.68620, Training Accuracy = 0.63000
Beginning epoch 14
Epoch 14, Bag number 100, Training Loss 0.68584, Training Accuracy = 0.70000
Beginning epoch 15
Epoch 15, Bag number 100, Training Loss 0.68366, Training Accuracy = 0.79000
Beginning epoch 16
Epoch 16, Bag number 100, Training Loss 0.68053, Training Accuracy = 0.73000
Beginning epoch 17
Epoch 17, Bag number 100, Training Loss 0.68064, Training Accuracy = 0.72000
Beginning epoch 18
Epoch 18, Bag number 100, Training Loss 0.67920, Training Accuracy = 0.76000
Beginning epoch 19
Epoch 19, Bag number 100, Training Loss 0.67552, Training Accuracy = 0.75000
Beginning epoch 20
Epoch 20, Bag number 100, Training Loss 0.67476, Training Accuracy = 0.70000
Beginning epoch 21
Epoch 21, Bag number 100, Training Loss 0.66665, Training Accuracy = 0.77000
Beginning epoch 22
Epoch 22, Bag number 100, Training Loss 0.66348, Training Accuracy = 0.78000
Beginning epoch 23
Epoch 23, Bag number 100, Training Loss 0.65769, Training Accuracy = 0.76000
Beginning epoch 24
Epoch 24, Bag number 100, Training Loss 0.65191, Training Accuracy = 0.72000
Beginning epoch 25
Epoch 25, Bag number 100, Training Loss 0.64448, Training Accuracy = 0.74000
Beginning epoch 26
Epoch 26, Bag number 100, Training Loss 0.63243, Training Accuracy = 0.78000
Beginning epoch 27
Epoch 27, Bag number 100, Training Loss 0.62340, Training Accuracy = 0.75000
Beginning epoch 28
Epoch 28, Bag number 100, Training Loss 0.60815, Training Accuracy = 0.81000
Beginning epoch 29
Epoch 29, Bag number 100, Training Loss 0.59288, Training Accuracy = 0.78000
Beginning epoch 30
Epoch 30, Bag number 100, Training Loss 0.55971, Training Accuracy = 0.82000
Beginning epoch 31
Epoch 31, Bag number 100, Training Loss 0.52845, Training Accuracy = 0.83000
Beginning epoch 32
Epoch 32, Bag number 100, Training Loss 0.51696, Training Accuracy = 0.82000
Beginning epoch 33
Epoch 33, Bag number 100, Training Loss 0.47228, Training Accuracy = 0.80000
Beginning epoch 34
Epoch 34, Bag number 100, Training Loss 0.45245, Training Accuracy = 0.83000
Beginning epoch 35
Epoch 35, Bag number 100, Training Loss 0.41912, Training Accuracy = 0.83000
Beginning epoch 36
Epoch 36, Bag number 100, Training Loss 0.41763, Training Accuracy = 0.82000
Beginning epoch 37
Epoch 37, Bag number 100, Training Loss 0.38369, Training Accuracy = 0.82000
Beginning epoch 38
Epoch 38, Bag number 100, Training Loss 0.35304, Training Accuracy = 0.89000
Beginning epoch 39
Epoch 39, Bag number 100, Training Loss 0.31143, Training Accuracy = 0.89000
Beginning epoch 40
Epoch 40, Bag number 100, Training Loss 0.32529, Training Accuracy = 0.88000
Beginning epoch 41
Epoch 41, Bag number 100, Training Loss 0.31185, Training Accuracy = 0.88000
Beginning epoch 42
Epoch 42, Bag number 100, Training Loss 0.28164, Training Accuracy = 0.85000
Beginning epoch 43
Epoch 43, Bag number 100, Training Loss 0.24033, Training Accuracy = 0.92000
Beginning epoch 44
Epoch 44, Bag number 100, Training Loss 0.24580, Training Accuracy = 0.93000
Beginning epoch 45
Epoch 45, Bag number 100, Training Loss 0.23991, Training Accuracy = 0.88000
Beginning epoch 46
Epoch 46, Bag number 100, Training Loss 0.20479, Training Accuracy = 0.92000
Beginning epoch 47
Epoch 47, Bag number 100, Training Loss 0.18781, Training Accuracy = 0.95000
Beginning epoch 48
Epoch 48, Bag number 100, Training Loss 0.16985, Training Accuracy = 0.95000
Beginning epoch 49
Epoch 49, Bag number 100, Training Loss 0.18172, Training Accuracy = 0.94000
Beginning epoch 50
Epoch 50, Bag number 100, Training Loss 0.16533, Training Accuracy = 0.96000
Beginning epoch 51
Epoch 51, Bag number 100, Training Loss 0.19410, Training Accuracy = 0.92000
Beginning epoch 52
Epoch 52, Bag number 100, Training Loss 0.12817, Training Accuracy = 0.97000
Beginning epoch 53
Epoch 53, Bag number 100, Training Loss 0.12300, Training Accuracy = 0.96000
Beginning epoch 54
Epoch 54, Bag number 100, Training Loss 0.13366, Training Accuracy = 0.95000
Beginning epoch 55
Epoch 55, Bag number 100, Training Loss 0.15481, Training Accuracy = 0.94000
Beginning epoch 56
Epoch 56, Bag number 100, Training Loss 0.10086, Training Accuracy = 0.97000
Beginning epoch 57
Epoch 57, Bag number 100, Training Loss 0.13704, Training Accuracy = 0.96000
Beginning epoch 58
Epoch 58, Bag number 100, Training Loss 0.09628, Training Accuracy = 0.97000
Beginning epoch 59
Epoch 59, Bag number 100, Training Loss 0.09403, Training Accuracy = 0.97000
Beginning epoch 60
Epoch 60, Bag number 100, Training Loss 0.07828, Training Accuracy = 0.98000
Beginning epoch 61
Epoch 61, Bag number 100, Training Loss 0.05750, Training Accuracy = 1.00000
Beginning epoch 62
Epoch 62, Bag number 100, Training Loss 0.05722, Training Accuracy = 0.99000
Beginning epoch 63
Epoch 63, Bag number 100, Training Loss 0.04921, Training Accuracy = 1.00000
Beginning epoch 64
Epoch 64, Bag number 100, Training Loss 0.05198, Training Accuracy = 0.99000
Beginning epoch 65
Epoch 65, Bag number 100, Training Loss 0.04728, Training Accuracy = 0.98000
Beginning epoch 66
Epoch 66, Bag number 100, Training Loss 0.04333, Training Accuracy = 1.00000
Beginning epoch 67
Epoch 67, Bag number 100, Training Loss 0.03607, Training Accuracy = 0.99000
Beginning epoch 68
Epoch 68, Bag number 100, Training Loss 0.04591, Training Accuracy = 0.98000
Beginning epoch 69
Epoch 69, Bag number 100, Training Loss 0.04681, Training Accuracy = 1.00000
Beginning epoch 70
Epoch 70, Bag number 100, Training Loss 0.05297, Training Accuracy = 0.99000
Beginning epoch 71
Epoch 71, Bag number 100, Training Loss 0.05322, Training Accuracy = 0.99000
Beginning epoch 72
Epoch 72, Bag number 100, Training Loss 0.03235, Training Accuracy = 1.00000
Beginning epoch 73
Epoch 73, Bag number 100, Training Loss 0.04773, Training Accuracy = 0.98000
Beginning epoch 74
Epoch 74, Bag number 100, Training Loss 0.02846, Training Accuracy = 1.00000
Beginning epoch 75
Epoch 75, Bag number 100, Training Loss 0.01859, Training Accuracy = 1.00000
Beginning epoch 76
Epoch 76, Bag number 100, Training Loss 0.01962, Training Accuracy = 1.00000
Beginning epoch 77
Epoch 77, Bag number 100, Training Loss 0.03806, Training Accuracy = 0.99000
Beginning epoch 78
Epoch 78, Bag number 100, Training Loss 0.11658, Training Accuracy = 0.96000
Beginning epoch 79
Epoch 79, Bag number 100, Training Loss 0.07526, Training Accuracy = 0.98000
Beginning epoch 80
Epoch 80, Bag number 100, Training Loss 0.03942, Training Accuracy = 0.99000
Beginning epoch 81
Epoch 81, Bag number 100, Training Loss 0.02053, Training Accuracy = 1.00000
Beginning epoch 82
Epoch 82, Bag number 100, Training Loss 0.05756, Training Accuracy = 0.98000
Beginning epoch 83
Epoch 83, Bag number 100, Training Loss 0.03228, Training Accuracy = 1.00000
Beginning epoch 84
Epoch 84, Bag number 100, Training Loss 0.03547, Training Accuracy = 0.99000
Beginning epoch 85
Epoch 85, Bag number 100, Training Loss 0.01598, Training Accuracy = 1.00000
Beginning epoch 86
Epoch 86, Bag number 100, Training Loss 0.02055, Training Accuracy = 0.99000
Beginning epoch 87
Epoch 87, Bag number 100, Training Loss 0.02172, Training Accuracy = 1.00000
Beginning epoch 88
Epoch 88, Bag number 100, Training Loss 0.01693, Training Accuracy = 1.00000
Beginning epoch 89
Epoch 89, Bag number 100, Training Loss 0.01651, Training Accuracy = 1.00000
Beginning epoch 90
Epoch 90, Bag number 100, Training Loss 0.01851, Training Accuracy = 1.00000
Beginning epoch 91
Epoch 91, Bag number 100, Training Loss 0.01187, Training Accuracy = 1.00000
Beginning epoch 92
Epoch 92, Bag number 100, Training Loss 0.01896, Training Accuracy = 1.00000
Beginning epoch 93
Epoch 93, Bag number 100, Training Loss 0.01242, Training Accuracy = 1.00000
Beginning epoch 94
Epoch 94, Bag number 100, Training Loss 0.01395, Training Accuracy = 1.00000
Beginning epoch 95
Epoch 95, Bag number 100, Training Loss 0.01157, Training Accuracy = 1.00000
Beginning epoch 96
Epoch 96, Bag number 100, Training Loss 0.01616, Training Accuracy = 1.00000
Beginning epoch 97
Epoch 97, Bag number 100, Training Loss 0.01779, Training Accuracy = 1.00000
Beginning epoch 98
Epoch 98, Bag number 100, Training Loss 0.01605, Training Accuracy = 1.00000
Beginning epoch 99
Epoch 99, Bag number 100, Training Loss 0.01037, Training Accuracy = 1.00000
Beginning epoch 100
Epoch 100, Bag number 100, Training Loss 0.01668, Training Accuracy = 1.00000
Test Accuracy: 0.65000
precision: 0.66667
recall: 0.66667
F-Score: 0.66667
AUC: 0.64912
