INFO:    underlay of /usr/bin/nvidia-smi required more than 50 (517) bind mounts
Args parsed!
Beginning training
Beginning epoch 1
Epoch 1, Bag number 100, Training Loss 0.69196, Training Accuracy = 0.55000
Beginning epoch 2
Epoch 2, Bag number 100, Training Loss 0.69178, Training Accuracy = 0.54000
Beginning epoch 3
Epoch 3, Bag number 100, Training Loss 0.69172, Training Accuracy = 0.54000
Beginning epoch 4
Epoch 4, Bag number 100, Training Loss 0.69109, Training Accuracy = 0.58000
Beginning epoch 5
Epoch 5, Bag number 100, Training Loss 0.69096, Training Accuracy = 0.57000
Beginning epoch 6
Epoch 6, Bag number 100, Training Loss 0.69046, Training Accuracy = 0.58000
Beginning epoch 7
Epoch 7, Bag number 100, Training Loss 0.68912, Training Accuracy = 0.60000
Beginning epoch 8
Epoch 8, Bag number 100, Training Loss 0.68988, Training Accuracy = 0.59000
Beginning epoch 9
Epoch 9, Bag number 100, Training Loss 0.68817, Training Accuracy = 0.62000
Beginning epoch 10
Epoch 10, Bag number 100, Training Loss 0.68962, Training Accuracy = 0.58000
Beginning epoch 11
Epoch 11, Bag number 100, Training Loss 0.68939, Training Accuracy = 0.59000
Beginning epoch 12
Epoch 12, Bag number 100, Training Loss 0.68867, Training Accuracy = 0.61000
Beginning epoch 13
Epoch 13, Bag number 100, Training Loss 0.68955, Training Accuracy = 0.60000
Beginning epoch 14
Epoch 14, Bag number 100, Training Loss 0.68884, Training Accuracy = 0.59000
Beginning epoch 15
Epoch 15, Bag number 100, Training Loss 0.68732, Training Accuracy = 0.59000
Beginning epoch 16
Epoch 16, Bag number 100, Training Loss 0.68860, Training Accuracy = 0.60000
Beginning epoch 17
Epoch 17, Bag number 100, Training Loss 0.68813, Training Accuracy = 0.62000
Beginning epoch 18
Epoch 18, Bag number 100, Training Loss 0.68617, Training Accuracy = 0.62000
Beginning epoch 19
Epoch 19, Bag number 100, Training Loss 0.68726, Training Accuracy = 0.62000
Beginning epoch 20
Epoch 20, Bag number 100, Training Loss 0.68742, Training Accuracy = 0.60000
Beginning epoch 21
Epoch 21, Bag number 100, Training Loss 0.68614, Training Accuracy = 0.60000
Beginning epoch 22
Epoch 22, Bag number 100, Training Loss 0.68586, Training Accuracy = 0.63000
Beginning epoch 23
Epoch 23, Bag number 100, Training Loss 0.68545, Training Accuracy = 0.62000
Beginning epoch 24
Epoch 24, Bag number 100, Training Loss 0.68670, Training Accuracy = 0.60000
Beginning epoch 25
Epoch 25, Bag number 100, Training Loss 0.68502, Training Accuracy = 0.65000
Beginning epoch 26
Epoch 26, Bag number 100, Training Loss 0.68376, Training Accuracy = 0.69000
Beginning epoch 27
Epoch 27, Bag number 100, Training Loss 0.68427, Training Accuracy = 0.66000
Beginning epoch 28
Epoch 28, Bag number 100, Training Loss 0.68351, Training Accuracy = 0.63000
Beginning epoch 29
Epoch 29, Bag number 100, Training Loss 0.68420, Training Accuracy = 0.67000
Beginning epoch 30
Epoch 30, Bag number 100, Training Loss 0.68188, Training Accuracy = 0.72000
Beginning epoch 31
Epoch 31, Bag number 100, Training Loss 0.68070, Training Accuracy = 0.69000
Beginning epoch 32
Epoch 32, Bag number 100, Training Loss 0.68099, Training Accuracy = 0.69000
Beginning epoch 33
Epoch 33, Bag number 100, Training Loss 0.67907, Training Accuracy = 0.72000
Beginning epoch 34
Epoch 34, Bag number 100, Training Loss 0.67924, Training Accuracy = 0.71000
Beginning epoch 35
Epoch 35, Bag number 100, Training Loss 0.67821, Training Accuracy = 0.72000
Beginning epoch 36
Epoch 36, Bag number 100, Training Loss 0.67898, Training Accuracy = 0.72000
Beginning epoch 37
Epoch 37, Bag number 100, Training Loss 0.67705, Training Accuracy = 0.73000
Beginning epoch 38
Epoch 38, Bag number 100, Training Loss 0.67615, Training Accuracy = 0.75000
Beginning epoch 39
Epoch 39, Bag number 100, Training Loss 0.67636, Training Accuracy = 0.72000
Beginning epoch 40
Epoch 40, Bag number 100, Training Loss 0.67499, Training Accuracy = 0.77000
Beginning epoch 41
Epoch 41, Bag number 100, Training Loss 0.67473, Training Accuracy = 0.74000
Beginning epoch 42
Epoch 42, Bag number 100, Training Loss 0.67278, Training Accuracy = 0.77000
Beginning epoch 43
Epoch 43, Bag number 100, Training Loss 0.67235, Training Accuracy = 0.79000
Beginning epoch 44
Epoch 44, Bag number 100, Training Loss 0.67161, Training Accuracy = 0.76000
Beginning epoch 45
Epoch 45, Bag number 100, Training Loss 0.66878, Training Accuracy = 0.81000
Beginning epoch 46
Epoch 46, Bag number 100, Training Loss 0.66720, Training Accuracy = 0.81000
Beginning epoch 47
Epoch 47, Bag number 100, Training Loss 0.66366, Training Accuracy = 0.82000
Beginning epoch 48
Epoch 48, Bag number 100, Training Loss 0.66449, Training Accuracy = 0.80000
Beginning epoch 49
Epoch 49, Bag number 100, Training Loss 0.66286, Training Accuracy = 0.83000
Beginning epoch 50
Epoch 50, Bag number 100, Training Loss 0.65993, Training Accuracy = 0.86000
Beginning epoch 51
Epoch 51, Bag number 100, Training Loss 0.65990, Training Accuracy = 0.82000
Beginning epoch 52
Epoch 52, Bag number 100, Training Loss 0.65738, Training Accuracy = 0.80000
Beginning epoch 53
Epoch 53, Bag number 100, Training Loss 0.65412, Training Accuracy = 0.86000
Beginning epoch 54
Epoch 54, Bag number 100, Training Loss 0.65018, Training Accuracy = 0.86000
Beginning epoch 55
Epoch 55, Bag number 100, Training Loss 0.65054, Training Accuracy = 0.82000
Beginning epoch 56
Epoch 56, Bag number 100, Training Loss 0.64944, Training Accuracy = 0.82000
Beginning epoch 57
Epoch 57, Bag number 100, Training Loss 0.64341, Training Accuracy = 0.85000
Beginning epoch 58
Epoch 58, Bag number 100, Training Loss 0.63859, Training Accuracy = 0.86000
Beginning epoch 59
Epoch 59, Bag number 100, Training Loss 0.63717, Training Accuracy = 0.85000
Beginning epoch 60
Epoch 60, Bag number 100, Training Loss 0.63147, Training Accuracy = 0.85000
Beginning epoch 61
Epoch 61, Bag number 100, Training Loss 0.62584, Training Accuracy = 0.85000
Beginning epoch 62
Epoch 62, Bag number 100, Training Loss 0.62252, Training Accuracy = 0.84000
Beginning epoch 63
Epoch 63, Bag number 100, Training Loss 0.61622, Training Accuracy = 0.85000
Beginning epoch 64
Epoch 64, Bag number 100, Training Loss 0.61257, Training Accuracy = 0.86000
Beginning epoch 65
Epoch 65, Bag number 100, Training Loss 0.60468, Training Accuracy = 0.86000
Beginning epoch 66
Epoch 66, Bag number 100, Training Loss 0.60136, Training Accuracy = 0.84000
Beginning epoch 67
Epoch 67, Bag number 100, Training Loss 0.59682, Training Accuracy = 0.86000
Beginning epoch 68
Epoch 68, Bag number 100, Training Loss 0.58502, Training Accuracy = 0.86000
Beginning epoch 69
Epoch 69, Bag number 100, Training Loss 0.58025, Training Accuracy = 0.84000
Beginning epoch 70
Epoch 70, Bag number 100, Training Loss 0.57698, Training Accuracy = 0.86000
Beginning epoch 71
Epoch 71, Bag number 100, Training Loss 0.57027, Training Accuracy = 0.84000
Beginning epoch 72
Epoch 72, Bag number 100, Training Loss 0.55920, Training Accuracy = 0.83000
Beginning epoch 73
Epoch 73, Bag number 100, Training Loss 0.54688, Training Accuracy = 0.85000
Beginning epoch 74
Epoch 74, Bag number 100, Training Loss 0.54138, Training Accuracy = 0.84000
Beginning epoch 75
Epoch 75, Bag number 100, Training Loss 0.53285, Training Accuracy = 0.86000
Beginning epoch 76
Epoch 76, Bag number 100, Training Loss 0.52120, Training Accuracy = 0.86000
Beginning epoch 77
Epoch 77, Bag number 100, Training Loss 0.51410, Training Accuracy = 0.89000
Beginning epoch 78
Epoch 78, Bag number 100, Training Loss 0.50397, Training Accuracy = 0.87000
Beginning epoch 79
Epoch 79, Bag number 100, Training Loss 0.49836, Training Accuracy = 0.87000
Beginning epoch 80
Epoch 80, Bag number 100, Training Loss 0.48217, Training Accuracy = 0.86000
Beginning epoch 81
Epoch 81, Bag number 100, Training Loss 0.47460, Training Accuracy = 0.88000
Beginning epoch 82
Epoch 82, Bag number 100, Training Loss 0.46666, Training Accuracy = 0.88000
Beginning epoch 83
Epoch 83, Bag number 100, Training Loss 0.46081, Training Accuracy = 0.85000
Beginning epoch 84
Epoch 84, Bag number 100, Training Loss 0.44599, Training Accuracy = 0.87000
Beginning epoch 85
Epoch 85, Bag number 100, Training Loss 0.43686, Training Accuracy = 0.88000
Beginning epoch 86
Epoch 86, Bag number 100, Training Loss 0.43213, Training Accuracy = 0.87000
Beginning epoch 87
Epoch 87, Bag number 100, Training Loss 0.42156, Training Accuracy = 0.90000
Beginning epoch 88
Epoch 88, Bag number 100, Training Loss 0.41621, Training Accuracy = 0.89000
Beginning epoch 89
Epoch 89, Bag number 100, Training Loss 0.40916, Training Accuracy = 0.88000
Beginning epoch 90
Epoch 90, Bag number 100, Training Loss 0.39702, Training Accuracy = 0.88000
Beginning epoch 91
Epoch 91, Bag number 100, Training Loss 0.39425, Training Accuracy = 0.88000
Beginning epoch 92
Epoch 92, Bag number 100, Training Loss 0.38169, Training Accuracy = 0.89000
Beginning epoch 93
Epoch 93, Bag number 100, Training Loss 0.38500, Training Accuracy = 0.89000
Beginning epoch 94
Epoch 94, Bag number 100, Training Loss 0.37459, Training Accuracy = 0.88000
Beginning epoch 95
Epoch 95, Bag number 100, Training Loss 0.37441, Training Accuracy = 0.88000
Beginning epoch 96
Epoch 96, Bag number 100, Training Loss 0.36181, Training Accuracy = 0.88000
Beginning epoch 97
Epoch 97, Bag number 100, Training Loss 0.35712, Training Accuracy = 0.90000
Beginning epoch 98
Epoch 98, Bag number 100, Training Loss 0.35765, Training Accuracy = 0.90000
Beginning epoch 99
Epoch 99, Bag number 100, Training Loss 0.35140, Training Accuracy = 0.90000
Beginning epoch 100
Epoch 100, Bag number 100, Training Loss 0.34906, Training Accuracy = 0.90000
Test Accuracy: 0.90000
precision: 0.90476
recall: 0.90476
F-Score: 0.90476
AUC: 0.89975
