INFO:    underlay of /usr/bin/nvidia-smi required more than 50 (517) bind mounts
Args parsed!
Beginning training
Beginning epoch 1
Epoch 1, Bag number 100, Training Loss 0.69945, Training Accuracy = 0.44000
Beginning epoch 2
Epoch 2, Bag number 100, Training Loss 0.70187, Training Accuracy = 0.44000
Beginning epoch 3
Epoch 3, Bag number 100, Training Loss 0.69969, Training Accuracy = 0.44000
Beginning epoch 4
Epoch 4, Bag number 100, Training Loss 0.69575, Training Accuracy = 0.44000
Beginning epoch 5
Epoch 5, Bag number 100, Training Loss 0.69092, Training Accuracy = 0.45000
Beginning epoch 6
Epoch 6, Bag number 100, Training Loss 0.68739, Training Accuracy = 0.48000
Beginning epoch 7
Epoch 7, Bag number 100, Training Loss 0.68585, Training Accuracy = 0.46000
Beginning epoch 8
Epoch 8, Bag number 100, Training Loss 0.68289, Training Accuracy = 0.50000
Beginning epoch 9
Epoch 9, Bag number 100, Training Loss 0.68413, Training Accuracy = 0.49000
Beginning epoch 10
Epoch 10, Bag number 100, Training Loss 0.67993, Training Accuracy = 0.49000
Beginning epoch 11
Epoch 11, Bag number 100, Training Loss 0.67870, Training Accuracy = 0.52000
Beginning epoch 12
Epoch 12, Bag number 100, Training Loss 0.67754, Training Accuracy = 0.58000
Beginning epoch 13
Epoch 13, Bag number 100, Training Loss 0.67308, Training Accuracy = 0.60000
Beginning epoch 14
Epoch 14, Bag number 100, Training Loss 0.67028, Training Accuracy = 0.68000
Beginning epoch 15
Epoch 15, Bag number 100, Training Loss 0.66773, Training Accuracy = 0.64000
Beginning epoch 16
Epoch 16, Bag number 100, Training Loss 0.66546, Training Accuracy = 0.74000
Beginning epoch 17
Epoch 17, Bag number 100, Training Loss 0.65872, Training Accuracy = 0.73000
Beginning epoch 18
Epoch 18, Bag number 100, Training Loss 0.64856, Training Accuracy = 0.81000
Beginning epoch 19
Epoch 19, Bag number 100, Training Loss 0.64887, Training Accuracy = 0.81000
Beginning epoch 20
Epoch 20, Bag number 100, Training Loss 0.64664, Training Accuracy = 0.79000
Beginning epoch 21
Epoch 21, Bag number 100, Training Loss 0.64264, Training Accuracy = 0.78000
Beginning epoch 22
Epoch 22, Bag number 100, Training Loss 0.63502, Training Accuracy = 0.79000
Beginning epoch 23
Epoch 23, Bag number 100, Training Loss 0.62350, Training Accuracy = 0.79000
Beginning epoch 24
Epoch 24, Bag number 100, Training Loss 0.61585, Training Accuracy = 0.80000
Beginning epoch 25
Epoch 25, Bag number 100, Training Loss 0.61185, Training Accuracy = 0.80000
Beginning epoch 26
Epoch 26, Bag number 100, Training Loss 0.59517, Training Accuracy = 0.82000
Beginning epoch 27
Epoch 27, Bag number 100, Training Loss 0.59192, Training Accuracy = 0.79000
Beginning epoch 28
Epoch 28, Bag number 100, Training Loss 0.58381, Training Accuracy = 0.79000
Beginning epoch 29
Epoch 29, Bag number 100, Training Loss 0.56846, Training Accuracy = 0.79000
Beginning epoch 30
Epoch 30, Bag number 100, Training Loss 0.54772, Training Accuracy = 0.83000
Beginning epoch 31
Epoch 31, Bag number 100, Training Loss 0.54199, Training Accuracy = 0.81000
Beginning epoch 32
Epoch 32, Bag number 100, Training Loss 0.53382, Training Accuracy = 0.84000
Beginning epoch 33
Epoch 33, Bag number 100, Training Loss 0.51451, Training Accuracy = 0.83000
Beginning epoch 34
Epoch 34, Bag number 100, Training Loss 0.49947, Training Accuracy = 0.83000
Beginning epoch 35
Epoch 35, Bag number 100, Training Loss 0.48568, Training Accuracy = 0.84000
Beginning epoch 36
Epoch 36, Bag number 100, Training Loss 0.46629, Training Accuracy = 0.84000
Beginning epoch 37
Epoch 37, Bag number 100, Training Loss 0.45744, Training Accuracy = 0.84000
Beginning epoch 38
Epoch 38, Bag number 100, Training Loss 0.44442, Training Accuracy = 0.83000
Beginning epoch 39
Epoch 39, Bag number 100, Training Loss 0.43298, Training Accuracy = 0.85000
Beginning epoch 40
Epoch 40, Bag number 100, Training Loss 0.41817, Training Accuracy = 0.89000
Beginning epoch 41
Epoch 41, Bag number 100, Training Loss 0.39937, Training Accuracy = 0.88000
Beginning epoch 42
Epoch 42, Bag number 100, Training Loss 0.40166, Training Accuracy = 0.87000
Beginning epoch 43
Epoch 43, Bag number 100, Training Loss 0.38250, Training Accuracy = 0.87000
Beginning epoch 44
Epoch 44, Bag number 100, Training Loss 0.36467, Training Accuracy = 0.86000
Beginning epoch 45
Epoch 45, Bag number 100, Training Loss 0.36536, Training Accuracy = 0.90000
Beginning epoch 46
Epoch 46, Bag number 100, Training Loss 0.35248, Training Accuracy = 0.89000
Beginning epoch 47
Epoch 47, Bag number 100, Training Loss 0.34065, Training Accuracy = 0.91000
Beginning epoch 48
Epoch 48, Bag number 100, Training Loss 0.33011, Training Accuracy = 0.89000
Beginning epoch 49
Epoch 49, Bag number 100, Training Loss 0.32237, Training Accuracy = 0.89000
Beginning epoch 50
Epoch 50, Bag number 100, Training Loss 0.30689, Training Accuracy = 0.90000
Beginning epoch 51
Epoch 51, Bag number 100, Training Loss 0.29966, Training Accuracy = 0.89000
Beginning epoch 52
Epoch 52, Bag number 100, Training Loss 0.29476, Training Accuracy = 0.92000
Beginning epoch 53
Epoch 53, Bag number 100, Training Loss 0.27633, Training Accuracy = 0.91000
Beginning epoch 54
Epoch 54, Bag number 100, Training Loss 0.27541, Training Accuracy = 0.92000
Beginning epoch 55
Epoch 55, Bag number 100, Training Loss 0.26018, Training Accuracy = 0.92000
Beginning epoch 56
Epoch 56, Bag number 100, Training Loss 0.25401, Training Accuracy = 0.93000
Beginning epoch 57
Epoch 57, Bag number 100, Training Loss 0.24842, Training Accuracy = 0.92000
Beginning epoch 58
Epoch 58, Bag number 100, Training Loss 0.23037, Training Accuracy = 0.94000
Beginning epoch 59
Epoch 59, Bag number 100, Training Loss 0.23855, Training Accuracy = 0.92000
Beginning epoch 60
Epoch 60, Bag number 100, Training Loss 0.21477, Training Accuracy = 0.96000
Beginning epoch 61
Epoch 61, Bag number 100, Training Loss 0.21244, Training Accuracy = 0.94000
Beginning epoch 62
Epoch 62, Bag number 100, Training Loss 0.21947, Training Accuracy = 0.94000
Beginning epoch 63
Epoch 63, Bag number 100, Training Loss 0.20332, Training Accuracy = 0.96000
Beginning epoch 64
Epoch 64, Bag number 100, Training Loss 0.20574, Training Accuracy = 0.96000
Beginning epoch 65
Epoch 65, Bag number 100, Training Loss 0.17943, Training Accuracy = 0.97000
Beginning epoch 66
Epoch 66, Bag number 100, Training Loss 0.17199, Training Accuracy = 0.97000
Beginning epoch 67
Epoch 67, Bag number 100, Training Loss 0.18589, Training Accuracy = 0.97000
Beginning epoch 68
Epoch 68, Bag number 100, Training Loss 0.17340, Training Accuracy = 0.98000
Beginning epoch 69
Epoch 69, Bag number 100, Training Loss 0.17566, Training Accuracy = 0.97000
Beginning epoch 70
Epoch 70, Bag number 100, Training Loss 0.15174, Training Accuracy = 0.95000
Beginning epoch 71
Epoch 71, Bag number 100, Training Loss 0.15724, Training Accuracy = 0.97000
Beginning epoch 72
Epoch 72, Bag number 100, Training Loss 0.15353, Training Accuracy = 0.97000
Beginning epoch 73
Epoch 73, Bag number 100, Training Loss 0.15247, Training Accuracy = 0.96000
Beginning epoch 74
Epoch 74, Bag number 100, Training Loss 0.13524, Training Accuracy = 0.98000
Beginning epoch 75
Epoch 75, Bag number 100, Training Loss 0.13225, Training Accuracy = 0.96000
Beginning epoch 76
Epoch 76, Bag number 100, Training Loss 0.13311, Training Accuracy = 0.95000
Beginning epoch 77
Epoch 77, Bag number 100, Training Loss 0.12893, Training Accuracy = 0.97000
Beginning epoch 78
Epoch 78, Bag number 100, Training Loss 0.11406, Training Accuracy = 0.97000
Beginning epoch 79
Epoch 79, Bag number 100, Training Loss 0.12779, Training Accuracy = 0.97000
Beginning epoch 80
Epoch 80, Bag number 100, Training Loss 0.11341, Training Accuracy = 0.98000
Beginning epoch 81
Epoch 81, Bag number 100, Training Loss 0.09864, Training Accuracy = 0.98000
Beginning epoch 82
Epoch 82, Bag number 100, Training Loss 0.11654, Training Accuracy = 0.95000
Beginning epoch 83
Epoch 83, Bag number 100, Training Loss 0.10433, Training Accuracy = 0.97000
Beginning epoch 84
Epoch 84, Bag number 100, Training Loss 0.09124, Training Accuracy = 0.99000
Beginning epoch 85
Epoch 85, Bag number 100, Training Loss 0.09964, Training Accuracy = 0.97000
Beginning epoch 86
Epoch 86, Bag number 100, Training Loss 0.09978, Training Accuracy = 0.98000
Beginning epoch 87
Epoch 87, Bag number 100, Training Loss 0.09301, Training Accuracy = 0.97000
Beginning epoch 88
Epoch 88, Bag number 100, Training Loss 0.09566, Training Accuracy = 0.99000
Beginning epoch 89
Epoch 89, Bag number 100, Training Loss 0.09191, Training Accuracy = 0.98000
Beginning epoch 90
Epoch 90, Bag number 100, Training Loss 0.09878, Training Accuracy = 0.99000
Beginning epoch 91
Epoch 91, Bag number 100, Training Loss 0.07606, Training Accuracy = 0.99000
Beginning epoch 92
Epoch 92, Bag number 100, Training Loss 0.07677, Training Accuracy = 0.99000
Beginning epoch 93
Epoch 93, Bag number 100, Training Loss 0.07929, Training Accuracy = 0.99000
Beginning epoch 94
Epoch 94, Bag number 100, Training Loss 0.07209, Training Accuracy = 1.00000
Beginning epoch 95
Epoch 95, Bag number 100, Training Loss 0.06251, Training Accuracy = 0.99000
Beginning epoch 96
Epoch 96, Bag number 100, Training Loss 0.06412, Training Accuracy = 0.99000
Beginning epoch 97
Epoch 97, Bag number 100, Training Loss 0.07683, Training Accuracy = 0.98000
Beginning epoch 98
Epoch 98, Bag number 100, Training Loss 0.06985, Training Accuracy = 1.00000
Beginning epoch 99
Epoch 99, Bag number 100, Training Loss 0.06690, Training Accuracy = 1.00000
Beginning epoch 100
Epoch 100, Bag number 100, Training Loss 0.07186, Training Accuracy = 0.99000
Test Accuracy: 0.77500
precision: 0.77273
recall: 0.80952
F-Score: 0.79070
AUC: 0.77318
