INFO:    underlay of /usr/bin/nvidia-smi required more than 50 (517) bind mounts
Args parsed!
Beginning training
Beginning epoch 1
Epoch 1, Bag number 100, Training Loss 0.69154, Training Accuracy = 0.53000
Beginning epoch 2
Epoch 2, Bag number 100, Training Loss 0.68910, Training Accuracy = 0.56000
Beginning epoch 3
Epoch 3, Bag number 100, Training Loss 0.69013, Training Accuracy = 0.55000
Beginning epoch 4
Epoch 4, Bag number 100, Training Loss 0.68988, Training Accuracy = 0.56000
Beginning epoch 5
Epoch 5, Bag number 100, Training Loss 0.68910, Training Accuracy = 0.57000
Beginning epoch 6
Epoch 6, Bag number 100, Training Loss 0.68697, Training Accuracy = 0.58000
Beginning epoch 7
Epoch 7, Bag number 100, Training Loss 0.68647, Training Accuracy = 0.61000
Beginning epoch 8
Epoch 8, Bag number 100, Training Loss 0.68753, Training Accuracy = 0.58000
Beginning epoch 9
Epoch 9, Bag number 100, Training Loss 0.68637, Training Accuracy = 0.61000
Beginning epoch 10
Epoch 10, Bag number 100, Training Loss 0.68770, Training Accuracy = 0.60000
Beginning epoch 11
Epoch 11, Bag number 100, Training Loss 0.68579, Training Accuracy = 0.63000
Beginning epoch 12
Epoch 12, Bag number 100, Training Loss 0.68549, Training Accuracy = 0.64000
Beginning epoch 13
Epoch 13, Bag number 100, Training Loss 0.68563, Training Accuracy = 0.64000
Beginning epoch 14
Epoch 14, Bag number 100, Training Loss 0.68162, Training Accuracy = 0.73000
Beginning epoch 15
Epoch 15, Bag number 100, Training Loss 0.68232, Training Accuracy = 0.71000
Beginning epoch 16
Epoch 16, Bag number 100, Training Loss 0.68150, Training Accuracy = 0.70000
Beginning epoch 17
Epoch 17, Bag number 100, Training Loss 0.68294, Training Accuracy = 0.70000
Beginning epoch 18
Epoch 18, Bag number 100, Training Loss 0.68289, Training Accuracy = 0.70000
Beginning epoch 19
Epoch 19, Bag number 100, Training Loss 0.68034, Training Accuracy = 0.75000
Beginning epoch 20
Epoch 20, Bag number 100, Training Loss 0.67823, Training Accuracy = 0.76000
Beginning epoch 21
Epoch 21, Bag number 100, Training Loss 0.67848, Training Accuracy = 0.78000
Beginning epoch 22
Epoch 22, Bag number 100, Training Loss 0.67608, Training Accuracy = 0.73000
Beginning epoch 23
Epoch 23, Bag number 100, Training Loss 0.67737, Training Accuracy = 0.76000
Beginning epoch 24
Epoch 24, Bag number 100, Training Loss 0.67301, Training Accuracy = 0.75000
Beginning epoch 25
Epoch 25, Bag number 100, Training Loss 0.67417, Training Accuracy = 0.79000
Beginning epoch 26
Epoch 26, Bag number 100, Training Loss 0.67367, Training Accuracy = 0.77000
Beginning epoch 27
Epoch 27, Bag number 100, Training Loss 0.66975, Training Accuracy = 0.83000
Beginning epoch 28
Epoch 28, Bag number 100, Training Loss 0.67211, Training Accuracy = 0.78000
Beginning epoch 29
Epoch 29, Bag number 100, Training Loss 0.66764, Training Accuracy = 0.83000
Beginning epoch 30
Epoch 30, Bag number 100, Training Loss 0.66591, Training Accuracy = 0.81000
Beginning epoch 31
Epoch 31, Bag number 100, Training Loss 0.66282, Training Accuracy = 0.84000
Beginning epoch 32
Epoch 32, Bag number 100, Training Loss 0.66121, Training Accuracy = 0.78000
Beginning epoch 33
Epoch 33, Bag number 100, Training Loss 0.65830, Training Accuracy = 0.84000
Beginning epoch 34
Epoch 34, Bag number 100, Training Loss 0.65950, Training Accuracy = 0.76000
Beginning epoch 35
Epoch 35, Bag number 100, Training Loss 0.65430, Training Accuracy = 0.83000
Beginning epoch 36
Epoch 36, Bag number 100, Training Loss 0.65141, Training Accuracy = 0.82000
Beginning epoch 37
Epoch 37, Bag number 100, Training Loss 0.64711, Training Accuracy = 0.78000
Beginning epoch 38
Epoch 38, Bag number 100, Training Loss 0.64173, Training Accuracy = 0.81000
Beginning epoch 39
Epoch 39, Bag number 100, Training Loss 0.64066, Training Accuracy = 0.81000
Beginning epoch 40
Epoch 40, Bag number 100, Training Loss 0.63877, Training Accuracy = 0.80000
Beginning epoch 41
Epoch 41, Bag number 100, Training Loss 0.63349, Training Accuracy = 0.82000
Beginning epoch 42
Epoch 42, Bag number 100, Training Loss 0.62819, Training Accuracy = 0.82000
Beginning epoch 43
Epoch 43, Bag number 100, Training Loss 0.62369, Training Accuracy = 0.82000
Beginning epoch 44
Epoch 44, Bag number 100, Training Loss 0.61763, Training Accuracy = 0.83000
Beginning epoch 45
Epoch 45, Bag number 100, Training Loss 0.61690, Training Accuracy = 0.80000
Beginning epoch 46
Epoch 46, Bag number 100, Training Loss 0.60909, Training Accuracy = 0.83000
Beginning epoch 47
Epoch 47, Bag number 100, Training Loss 0.60253, Training Accuracy = 0.83000
Beginning epoch 48
Epoch 48, Bag number 100, Training Loss 0.59640, Training Accuracy = 0.85000
Beginning epoch 49
Epoch 49, Bag number 100, Training Loss 0.58947, Training Accuracy = 0.82000
Beginning epoch 50
Epoch 50, Bag number 100, Training Loss 0.58223, Training Accuracy = 0.81000
Beginning epoch 51
Epoch 51, Bag number 100, Training Loss 0.57675, Training Accuracy = 0.85000
Beginning epoch 52
Epoch 52, Bag number 100, Training Loss 0.56875, Training Accuracy = 0.83000
Beginning epoch 53
Epoch 53, Bag number 100, Training Loss 0.56077, Training Accuracy = 0.84000
Beginning epoch 54
Epoch 54, Bag number 100, Training Loss 0.54968, Training Accuracy = 0.85000
Beginning epoch 55
Epoch 55, Bag number 100, Training Loss 0.54597, Training Accuracy = 0.85000
Beginning epoch 56
Epoch 56, Bag number 100, Training Loss 0.53381, Training Accuracy = 0.86000
Beginning epoch 57
Epoch 57, Bag number 100, Training Loss 0.52503, Training Accuracy = 0.86000
Beginning epoch 58
Epoch 58, Bag number 100, Training Loss 0.52424, Training Accuracy = 0.86000
Beginning epoch 59
Epoch 59, Bag number 100, Training Loss 0.50867, Training Accuracy = 0.87000
Beginning epoch 60
Epoch 60, Bag number 100, Training Loss 0.50652, Training Accuracy = 0.86000
Beginning epoch 61
Epoch 61, Bag number 100, Training Loss 0.49673, Training Accuracy = 0.86000
Beginning epoch 62
Epoch 62, Bag number 100, Training Loss 0.48277, Training Accuracy = 0.87000
Beginning epoch 63
Epoch 63, Bag number 100, Training Loss 0.48585, Training Accuracy = 0.86000
Beginning epoch 64
Epoch 64, Bag number 100, Training Loss 0.47343, Training Accuracy = 0.89000
Beginning epoch 65
Epoch 65, Bag number 100, Training Loss 0.46808, Training Accuracy = 0.87000
Beginning epoch 66
Epoch 66, Bag number 100, Training Loss 0.46120, Training Accuracy = 0.84000
Beginning epoch 67
Epoch 67, Bag number 100, Training Loss 0.45071, Training Accuracy = 0.88000
Beginning epoch 68
Epoch 68, Bag number 100, Training Loss 0.44529, Training Accuracy = 0.88000
Beginning epoch 69
Epoch 69, Bag number 100, Training Loss 0.44533, Training Accuracy = 0.86000
Beginning epoch 70
Epoch 70, Bag number 100, Training Loss 0.43149, Training Accuracy = 0.88000
Beginning epoch 71
Epoch 71, Bag number 100, Training Loss 0.42844, Training Accuracy = 0.87000
Beginning epoch 72
Epoch 72, Bag number 100, Training Loss 0.41504, Training Accuracy = 0.92000
Beginning epoch 73
Epoch 73, Bag number 100, Training Loss 0.41406, Training Accuracy = 0.88000
Beginning epoch 74
Epoch 74, Bag number 100, Training Loss 0.40727, Training Accuracy = 0.88000
Beginning epoch 75
Epoch 75, Bag number 100, Training Loss 0.40081, Training Accuracy = 0.88000
Beginning epoch 76
Epoch 76, Bag number 100, Training Loss 0.39440, Training Accuracy = 0.88000
Beginning epoch 77
Epoch 77, Bag number 100, Training Loss 0.38760, Training Accuracy = 0.88000
Beginning epoch 78
Epoch 78, Bag number 100, Training Loss 0.39236, Training Accuracy = 0.86000
Beginning epoch 79
Epoch 79, Bag number 100, Training Loss 0.38190, Training Accuracy = 0.87000
Beginning epoch 80
Epoch 80, Bag number 100, Training Loss 0.36873, Training Accuracy = 0.89000
Beginning epoch 81
Epoch 81, Bag number 100, Training Loss 0.36869, Training Accuracy = 0.89000
Beginning epoch 82
Epoch 82, Bag number 100, Training Loss 0.36387, Training Accuracy = 0.89000
Beginning epoch 83
Epoch 83, Bag number 100, Training Loss 0.36200, Training Accuracy = 0.90000
Beginning epoch 84
Epoch 84, Bag number 100, Training Loss 0.34572, Training Accuracy = 0.89000
Beginning epoch 85
Epoch 85, Bag number 100, Training Loss 0.34576, Training Accuracy = 0.91000
Beginning epoch 86
Epoch 86, Bag number 100, Training Loss 0.35225, Training Accuracy = 0.89000
Beginning epoch 87
Epoch 87, Bag number 100, Training Loss 0.34700, Training Accuracy = 0.89000
Beginning epoch 88
Epoch 88, Bag number 100, Training Loss 0.33314, Training Accuracy = 0.90000
Beginning epoch 89
Epoch 89, Bag number 100, Training Loss 0.32786, Training Accuracy = 0.92000
Beginning epoch 90
Epoch 90, Bag number 100, Training Loss 0.32697, Training Accuracy = 0.90000
Beginning epoch 91
Epoch 91, Bag number 100, Training Loss 0.32674, Training Accuracy = 0.91000
Beginning epoch 92
Epoch 92, Bag number 100, Training Loss 0.32295, Training Accuracy = 0.91000
Beginning epoch 93
Epoch 93, Bag number 100, Training Loss 0.31509, Training Accuracy = 0.91000
Beginning epoch 94
Epoch 94, Bag number 100, Training Loss 0.31370, Training Accuracy = 0.92000
Beginning epoch 95
Epoch 95, Bag number 100, Training Loss 0.31906, Training Accuracy = 0.90000
Beginning epoch 96
Epoch 96, Bag number 100, Training Loss 0.30987, Training Accuracy = 0.90000
Beginning epoch 97
Epoch 97, Bag number 100, Training Loss 0.29799, Training Accuracy = 0.92000
Beginning epoch 98
Epoch 98, Bag number 100, Training Loss 0.29468, Training Accuracy = 0.93000
Beginning epoch 99
Epoch 99, Bag number 100, Training Loss 0.29585, Training Accuracy = 0.92000
Beginning epoch 100
Epoch 100, Bag number 100, Training Loss 0.28795, Training Accuracy = 0.91000
Test Accuracy: 0.80000
precision: 0.78261
recall: 0.85714
F-Score: 0.81818
AUC: 0.79699
