INFO:    underlay of /usr/bin/nvidia-smi required more than 50 (517) bind mounts
Args parsed!
Beginning training
Beginning epoch 1
Epoch 1, Bag number 100, Training Loss 0.68838, Training Accuracy = 0.55000
Beginning epoch 2
Epoch 2, Bag number 100, Training Loss 0.68496, Training Accuracy = 0.56000
Beginning epoch 3
Epoch 3, Bag number 100, Training Loss 0.68449, Training Accuracy = 0.62000
Beginning epoch 4
Epoch 4, Bag number 100, Training Loss 0.68154, Training Accuracy = 0.62000
Beginning epoch 5
Epoch 5, Bag number 100, Training Loss 0.68227, Training Accuracy = 0.62000
Beginning epoch 6
Epoch 6, Bag number 100, Training Loss 0.68182, Training Accuracy = 0.61000
Beginning epoch 7
Epoch 7, Bag number 100, Training Loss 0.68056, Training Accuracy = 0.60000
Beginning epoch 8
Epoch 8, Bag number 100, Training Loss 0.67700, Training Accuracy = 0.67000
Beginning epoch 9
Epoch 9, Bag number 100, Training Loss 0.67626, Training Accuracy = 0.69000
Beginning epoch 10
Epoch 10, Bag number 100, Training Loss 0.67437, Training Accuracy = 0.71000
Beginning epoch 11
Epoch 11, Bag number 100, Training Loss 0.67159, Training Accuracy = 0.71000
Beginning epoch 12
Epoch 12, Bag number 100, Training Loss 0.66938, Training Accuracy = 0.76000
Beginning epoch 13
Epoch 13, Bag number 100, Training Loss 0.66800, Training Accuracy = 0.79000
Beginning epoch 14
Epoch 14, Bag number 100, Training Loss 0.66805, Training Accuracy = 0.74000
Beginning epoch 15
Epoch 15, Bag number 100, Training Loss 0.66352, Training Accuracy = 0.79000
Beginning epoch 16
Epoch 16, Bag number 100, Training Loss 0.65905, Training Accuracy = 0.81000
Beginning epoch 17
Epoch 17, Bag number 100, Training Loss 0.66234, Training Accuracy = 0.73000
Beginning epoch 18
Epoch 18, Bag number 100, Training Loss 0.65038, Training Accuracy = 0.80000
Beginning epoch 19
Epoch 19, Bag number 100, Training Loss 0.64966, Training Accuracy = 0.80000
Beginning epoch 20
Epoch 20, Bag number 100, Training Loss 0.64696, Training Accuracy = 0.80000
Beginning epoch 21
Epoch 21, Bag number 100, Training Loss 0.64281, Training Accuracy = 0.80000
Beginning epoch 22
Epoch 22, Bag number 100, Training Loss 0.64127, Training Accuracy = 0.78000
Beginning epoch 23
Epoch 23, Bag number 100, Training Loss 0.63338, Training Accuracy = 0.81000
Beginning epoch 24
Epoch 24, Bag number 100, Training Loss 0.62355, Training Accuracy = 0.86000
Beginning epoch 25
Epoch 25, Bag number 100, Training Loss 0.61932, Training Accuracy = 0.81000
Beginning epoch 26
Epoch 26, Bag number 100, Training Loss 0.60976, Training Accuracy = 0.82000
Beginning epoch 27
Epoch 27, Bag number 100, Training Loss 0.60649, Training Accuracy = 0.83000
Beginning epoch 28
Epoch 28, Bag number 100, Training Loss 0.59692, Training Accuracy = 0.81000
Beginning epoch 29
Epoch 29, Bag number 100, Training Loss 0.58630, Training Accuracy = 0.82000
Beginning epoch 30
Epoch 30, Bag number 100, Training Loss 0.57804, Training Accuracy = 0.84000
Beginning epoch 31
Epoch 31, Bag number 100, Training Loss 0.56180, Training Accuracy = 0.83000
Beginning epoch 32
Epoch 32, Bag number 100, Training Loss 0.55552, Training Accuracy = 0.84000
Beginning epoch 33
Epoch 33, Bag number 100, Training Loss 0.54189, Training Accuracy = 0.85000
Beginning epoch 34
Epoch 34, Bag number 100, Training Loss 0.52526, Training Accuracy = 0.85000
Beginning epoch 35
Epoch 35, Bag number 100, Training Loss 0.50971, Training Accuracy = 0.86000
Beginning epoch 36
Epoch 36, Bag number 100, Training Loss 0.49994, Training Accuracy = 0.88000
Beginning epoch 37
Epoch 37, Bag number 100, Training Loss 0.48385, Training Accuracy = 0.88000
Beginning epoch 38
Epoch 38, Bag number 100, Training Loss 0.46824, Training Accuracy = 0.87000
Beginning epoch 39
Epoch 39, Bag number 100, Training Loss 0.45255, Training Accuracy = 0.89000
Beginning epoch 40
Epoch 40, Bag number 100, Training Loss 0.44390, Training Accuracy = 0.83000
Beginning epoch 41
Epoch 41, Bag number 100, Training Loss 0.42132, Training Accuracy = 0.87000
Beginning epoch 42
Epoch 42, Bag number 100, Training Loss 0.40294, Training Accuracy = 0.87000
Beginning epoch 43
Epoch 43, Bag number 100, Training Loss 0.39921, Training Accuracy = 0.87000
Beginning epoch 44
Epoch 44, Bag number 100, Training Loss 0.37937, Training Accuracy = 0.87000
Beginning epoch 45
Epoch 45, Bag number 100, Training Loss 0.37341, Training Accuracy = 0.86000
Beginning epoch 46
Epoch 46, Bag number 100, Training Loss 0.35966, Training Accuracy = 0.89000
Beginning epoch 47
Epoch 47, Bag number 100, Training Loss 0.34987, Training Accuracy = 0.88000
Beginning epoch 48
Epoch 48, Bag number 100, Training Loss 0.32606, Training Accuracy = 0.88000
Beginning epoch 49
Epoch 49, Bag number 100, Training Loss 0.31496, Training Accuracy = 0.89000
Beginning epoch 50
Epoch 50, Bag number 100, Training Loss 0.31575, Training Accuracy = 0.88000
Beginning epoch 51
Epoch 51, Bag number 100, Training Loss 0.29212, Training Accuracy = 0.89000
Beginning epoch 52
Epoch 52, Bag number 100, Training Loss 0.29600, Training Accuracy = 0.88000
Beginning epoch 53
Epoch 53, Bag number 100, Training Loss 0.28336, Training Accuracy = 0.87000
Beginning epoch 54
Epoch 54, Bag number 100, Training Loss 0.26620, Training Accuracy = 0.91000
Beginning epoch 55
Epoch 55, Bag number 100, Training Loss 0.26064, Training Accuracy = 0.91000
Beginning epoch 56
Epoch 56, Bag number 100, Training Loss 0.26346, Training Accuracy = 0.88000
Beginning epoch 57
Epoch 57, Bag number 100, Training Loss 0.23636, Training Accuracy = 0.92000
Beginning epoch 58
Epoch 58, Bag number 100, Training Loss 0.24930, Training Accuracy = 0.91000
Beginning epoch 59
Epoch 59, Bag number 100, Training Loss 0.21929, Training Accuracy = 0.93000
Beginning epoch 60
Epoch 60, Bag number 100, Training Loss 0.21646, Training Accuracy = 0.93000
Beginning epoch 61
Epoch 61, Bag number 100, Training Loss 0.22086, Training Accuracy = 0.90000
Beginning epoch 62
Epoch 62, Bag number 100, Training Loss 0.20007, Training Accuracy = 0.93000
Beginning epoch 63
Epoch 63, Bag number 100, Training Loss 0.20793, Training Accuracy = 0.93000
Beginning epoch 64
Epoch 64, Bag number 100, Training Loss 0.20124, Training Accuracy = 0.93000
Beginning epoch 65
Epoch 65, Bag number 100, Training Loss 0.20517, Training Accuracy = 0.92000
Beginning epoch 66
Epoch 66, Bag number 100, Training Loss 0.19262, Training Accuracy = 0.93000
Beginning epoch 67
Epoch 67, Bag number 100, Training Loss 0.17934, Training Accuracy = 0.95000
Beginning epoch 68
Epoch 68, Bag number 100, Training Loss 0.18528, Training Accuracy = 0.93000
Beginning epoch 69
Epoch 69, Bag number 100, Training Loss 0.17047, Training Accuracy = 0.93000
Beginning epoch 70
Epoch 70, Bag number 100, Training Loss 0.16297, Training Accuracy = 0.94000
Beginning epoch 71
Epoch 71, Bag number 100, Training Loss 0.15636, Training Accuracy = 0.96000
Beginning epoch 72
Epoch 72, Bag number 100, Training Loss 0.15609, Training Accuracy = 0.92000
Beginning epoch 73
Epoch 73, Bag number 100, Training Loss 0.17664, Training Accuracy = 0.92000
Beginning epoch 74
Epoch 74, Bag number 100, Training Loss 0.16493, Training Accuracy = 0.93000
Beginning epoch 75
Epoch 75, Bag number 100, Training Loss 0.14537, Training Accuracy = 0.94000
Beginning epoch 76
Epoch 76, Bag number 100, Training Loss 0.14588, Training Accuracy = 0.92000
Beginning epoch 77
Epoch 77, Bag number 100, Training Loss 0.13356, Training Accuracy = 0.95000
Beginning epoch 78
Epoch 78, Bag number 100, Training Loss 0.13481, Training Accuracy = 0.94000
Beginning epoch 79
Epoch 79, Bag number 100, Training Loss 0.12282, Training Accuracy = 0.97000
Beginning epoch 80
Epoch 80, Bag number 100, Training Loss 0.11804, Training Accuracy = 0.96000
Beginning epoch 81
Epoch 81, Bag number 100, Training Loss 0.12736, Training Accuracy = 0.95000
Beginning epoch 82
Epoch 82, Bag number 100, Training Loss 0.10693, Training Accuracy = 0.98000
Beginning epoch 83
Epoch 83, Bag number 100, Training Loss 0.11624, Training Accuracy = 0.96000
Beginning epoch 84
Epoch 84, Bag number 100, Training Loss 0.10872, Training Accuracy = 0.96000
Beginning epoch 85
Epoch 85, Bag number 100, Training Loss 0.10296, Training Accuracy = 0.97000
Beginning epoch 86
Epoch 86, Bag number 100, Training Loss 0.10202, Training Accuracy = 0.97000
Beginning epoch 87
Epoch 87, Bag number 100, Training Loss 0.10810, Training Accuracy = 0.96000
Beginning epoch 88
Epoch 88, Bag number 100, Training Loss 0.09289, Training Accuracy = 0.99000
Beginning epoch 89
Epoch 89, Bag number 100, Training Loss 0.08867, Training Accuracy = 0.99000
Beginning epoch 90
Epoch 90, Bag number 100, Training Loss 0.09042, Training Accuracy = 0.98000
Beginning epoch 91
Epoch 91, Bag number 100, Training Loss 0.10774, Training Accuracy = 0.97000
Beginning epoch 92
Epoch 92, Bag number 100, Training Loss 0.08218, Training Accuracy = 0.98000
Beginning epoch 93
Epoch 93, Bag number 100, Training Loss 0.08209, Training Accuracy = 0.99000
Beginning epoch 94
Epoch 94, Bag number 100, Training Loss 0.09203, Training Accuracy = 0.98000
Beginning epoch 95
Epoch 95, Bag number 100, Training Loss 0.09193, Training Accuracy = 0.98000
Beginning epoch 96
Epoch 96, Bag number 100, Training Loss 0.09543, Training Accuracy = 0.99000
Beginning epoch 97
Epoch 97, Bag number 100, Training Loss 0.08892, Training Accuracy = 0.97000
Beginning epoch 98
Epoch 98, Bag number 100, Training Loss 0.07105, Training Accuracy = 0.99000
Beginning epoch 99
Epoch 99, Bag number 100, Training Loss 0.07938, Training Accuracy = 1.00000
Beginning epoch 100
Epoch 100, Bag number 100, Training Loss 0.06787, Training Accuracy = 1.00000
Test Accuracy: 0.95000
precision: 0.95238
recall: 0.95238
F-Score: 0.95238
AUC: 0.94987
