INFO:    underlay of /usr/bin/nvidia-smi required more than 50 (517) bind mounts
Args parsed!
Beginning training
Beginning epoch 1
Epoch 1, Bag number 100, Training Loss 0.69200, Training Accuracy = 0.55000
Beginning epoch 2
Epoch 2, Bag number 100, Training Loss 0.69070, Training Accuracy = 0.55000
Beginning epoch 3
Epoch 3, Bag number 100, Training Loss 0.68918, Training Accuracy = 0.55000
Beginning epoch 4
Epoch 4, Bag number 100, Training Loss 0.69187, Training Accuracy = 0.55000
Beginning epoch 5
Epoch 5, Bag number 100, Training Loss 0.68799, Training Accuracy = 0.55000
Beginning epoch 6
Epoch 6, Bag number 100, Training Loss 0.69065, Training Accuracy = 0.55000
Beginning epoch 7
Epoch 7, Bag number 100, Training Loss 0.68947, Training Accuracy = 0.55000
Beginning epoch 8
Epoch 8, Bag number 100, Training Loss 0.68814, Training Accuracy = 0.55000
Beginning epoch 9
Epoch 9, Bag number 100, Training Loss 0.68840, Training Accuracy = 0.55000
Beginning epoch 10
Epoch 10, Bag number 100, Training Loss 0.68839, Training Accuracy = 0.55000
Beginning epoch 11
Epoch 11, Bag number 100, Training Loss 0.68710, Training Accuracy = 0.55000
Beginning epoch 12
Epoch 12, Bag number 100, Training Loss 0.68723, Training Accuracy = 0.55000
Beginning epoch 13
Epoch 13, Bag number 100, Training Loss 0.68688, Training Accuracy = 0.55000
Beginning epoch 14
Epoch 14, Bag number 100, Training Loss 0.68734, Training Accuracy = 0.55000
Beginning epoch 15
Epoch 15, Bag number 100, Training Loss 0.68781, Training Accuracy = 0.56000
Beginning epoch 16
Epoch 16, Bag number 100, Training Loss 0.68651, Training Accuracy = 0.58000
Beginning epoch 17
Epoch 17, Bag number 100, Training Loss 0.68646, Training Accuracy = 0.56000
Beginning epoch 18
Epoch 18, Bag number 100, Training Loss 0.68575, Training Accuracy = 0.60000
Beginning epoch 19
Epoch 19, Bag number 100, Training Loss 0.68483, Training Accuracy = 0.59000
Beginning epoch 20
Epoch 20, Bag number 100, Training Loss 0.68528, Training Accuracy = 0.59000
Beginning epoch 21
Epoch 21, Bag number 100, Training Loss 0.68438, Training Accuracy = 0.60000
Beginning epoch 22
Epoch 22, Bag number 100, Training Loss 0.68289, Training Accuracy = 0.67000
Beginning epoch 23
Epoch 23, Bag number 100, Training Loss 0.68444, Training Accuracy = 0.65000
Beginning epoch 24
Epoch 24, Bag number 100, Training Loss 0.68176, Training Accuracy = 0.70000
Beginning epoch 25
Epoch 25, Bag number 100, Training Loss 0.68258, Training Accuracy = 0.71000
Beginning epoch 26
Epoch 26, Bag number 100, Training Loss 0.68033, Training Accuracy = 0.71000
Beginning epoch 27
Epoch 27, Bag number 100, Training Loss 0.68062, Training Accuracy = 0.72000
Beginning epoch 28
Epoch 28, Bag number 100, Training Loss 0.67959, Training Accuracy = 0.76000
Beginning epoch 29
Epoch 29, Bag number 100, Training Loss 0.67994, Training Accuracy = 0.73000
Beginning epoch 30
Epoch 30, Bag number 100, Training Loss 0.67952, Training Accuracy = 0.74000
Beginning epoch 31
Epoch 31, Bag number 100, Training Loss 0.67759, Training Accuracy = 0.76000
Beginning epoch 32
Epoch 32, Bag number 100, Training Loss 0.67732, Training Accuracy = 0.79000
Beginning epoch 33
Epoch 33, Bag number 100, Training Loss 0.67569, Training Accuracy = 0.79000
Beginning epoch 34
Epoch 34, Bag number 100, Training Loss 0.67443, Training Accuracy = 0.78000
Beginning epoch 35
Epoch 35, Bag number 100, Training Loss 0.67382, Training Accuracy = 0.82000
Beginning epoch 36
Epoch 36, Bag number 100, Training Loss 0.67453, Training Accuracy = 0.79000
Beginning epoch 37
Epoch 37, Bag number 100, Training Loss 0.66971, Training Accuracy = 0.82000
Beginning epoch 38
Epoch 38, Bag number 100, Training Loss 0.66863, Training Accuracy = 0.89000
Beginning epoch 39
Epoch 39, Bag number 100, Training Loss 0.66983, Training Accuracy = 0.84000
Beginning epoch 40
Epoch 40, Bag number 100, Training Loss 0.66480, Training Accuracy = 0.82000
Beginning epoch 41
Epoch 41, Bag number 100, Training Loss 0.66574, Training Accuracy = 0.84000
Beginning epoch 42
Epoch 42, Bag number 100, Training Loss 0.66091, Training Accuracy = 0.83000
Beginning epoch 43
Epoch 43, Bag number 100, Training Loss 0.65977, Training Accuracy = 0.84000
Beginning epoch 44
Epoch 44, Bag number 100, Training Loss 0.66001, Training Accuracy = 0.81000
Beginning epoch 45
Epoch 45, Bag number 100, Training Loss 0.65729, Training Accuracy = 0.85000
Beginning epoch 46
Epoch 46, Bag number 100, Training Loss 0.64999, Training Accuracy = 0.85000
Beginning epoch 47
Epoch 47, Bag number 100, Training Loss 0.65001, Training Accuracy = 0.84000
Beginning epoch 48
Epoch 48, Bag number 100, Training Loss 0.64649, Training Accuracy = 0.80000
Beginning epoch 49
Epoch 49, Bag number 100, Training Loss 0.64576, Training Accuracy = 0.83000
Beginning epoch 50
Epoch 50, Bag number 100, Training Loss 0.63866, Training Accuracy = 0.86000
Beginning epoch 51
Epoch 51, Bag number 100, Training Loss 0.63698, Training Accuracy = 0.86000
Beginning epoch 52
Epoch 52, Bag number 100, Training Loss 0.62618, Training Accuracy = 0.85000
Beginning epoch 53
Epoch 53, Bag number 100, Training Loss 0.62624, Training Accuracy = 0.82000
Beginning epoch 54
Epoch 54, Bag number 100, Training Loss 0.61953, Training Accuracy = 0.83000
Beginning epoch 55
Epoch 55, Bag number 100, Training Loss 0.61540, Training Accuracy = 0.85000
Beginning epoch 56
Epoch 56, Bag number 100, Training Loss 0.61180, Training Accuracy = 0.86000
Beginning epoch 57
Epoch 57, Bag number 100, Training Loss 0.60179, Training Accuracy = 0.85000
Beginning epoch 58
Epoch 58, Bag number 100, Training Loss 0.59707, Training Accuracy = 0.84000
Beginning epoch 59
Epoch 59, Bag number 100, Training Loss 0.58704, Training Accuracy = 0.84000
Beginning epoch 60
Epoch 60, Bag number 100, Training Loss 0.57902, Training Accuracy = 0.86000
Beginning epoch 61
Epoch 61, Bag number 100, Training Loss 0.57125, Training Accuracy = 0.82000
Beginning epoch 62
Epoch 62, Bag number 100, Training Loss 0.56612, Training Accuracy = 0.84000
Beginning epoch 63
Epoch 63, Bag number 100, Training Loss 0.55511, Training Accuracy = 0.83000
Beginning epoch 64
Epoch 64, Bag number 100, Training Loss 0.54366, Training Accuracy = 0.87000
Beginning epoch 65
Epoch 65, Bag number 100, Training Loss 0.53393, Training Accuracy = 0.82000
Beginning epoch 66
Epoch 66, Bag number 100, Training Loss 0.52889, Training Accuracy = 0.85000
Beginning epoch 67
Epoch 67, Bag number 100, Training Loss 0.52051, Training Accuracy = 0.82000
Beginning epoch 68
Epoch 68, Bag number 100, Training Loss 0.51479, Training Accuracy = 0.86000
Beginning epoch 69
Epoch 69, Bag number 100, Training Loss 0.49707, Training Accuracy = 0.87000
Beginning epoch 70
Epoch 70, Bag number 100, Training Loss 0.48826, Training Accuracy = 0.88000
Beginning epoch 71
Epoch 71, Bag number 100, Training Loss 0.47612, Training Accuracy = 0.87000
Beginning epoch 72
Epoch 72, Bag number 100, Training Loss 0.46902, Training Accuracy = 0.87000
Beginning epoch 73
Epoch 73, Bag number 100, Training Loss 0.46343, Training Accuracy = 0.84000
Beginning epoch 74
Epoch 74, Bag number 100, Training Loss 0.45359, Training Accuracy = 0.87000
Beginning epoch 75
Epoch 75, Bag number 100, Training Loss 0.44676, Training Accuracy = 0.86000
Beginning epoch 76
Epoch 76, Bag number 100, Training Loss 0.43025, Training Accuracy = 0.89000
Beginning epoch 77
Epoch 77, Bag number 100, Training Loss 0.42423, Training Accuracy = 0.88000
Beginning epoch 78
Epoch 78, Bag number 100, Training Loss 0.41092, Training Accuracy = 0.87000
Beginning epoch 79
Epoch 79, Bag number 100, Training Loss 0.41191, Training Accuracy = 0.89000
Beginning epoch 80
Epoch 80, Bag number 100, Training Loss 0.40620, Training Accuracy = 0.87000
Beginning epoch 81
Epoch 81, Bag number 100, Training Loss 0.39106, Training Accuracy = 0.87000
Beginning epoch 82
Epoch 82, Bag number 100, Training Loss 0.39224, Training Accuracy = 0.89000
Beginning epoch 83
Epoch 83, Bag number 100, Training Loss 0.38436, Training Accuracy = 0.87000
Beginning epoch 84
Epoch 84, Bag number 100, Training Loss 0.37138, Training Accuracy = 0.86000
Beginning epoch 85
Epoch 85, Bag number 100, Training Loss 0.36405, Training Accuracy = 0.89000
Beginning epoch 86
Epoch 86, Bag number 100, Training Loss 0.35704, Training Accuracy = 0.87000
Beginning epoch 87
Epoch 87, Bag number 100, Training Loss 0.35127, Training Accuracy = 0.89000
Beginning epoch 88
Epoch 88, Bag number 100, Training Loss 0.34267, Training Accuracy = 0.88000
Beginning epoch 89
Epoch 89, Bag number 100, Training Loss 0.34077, Training Accuracy = 0.88000
Beginning epoch 90
Epoch 90, Bag number 100, Training Loss 0.33214, Training Accuracy = 0.90000
Beginning epoch 91
Epoch 91, Bag number 100, Training Loss 0.32519, Training Accuracy = 0.89000
Beginning epoch 92
Epoch 92, Bag number 100, Training Loss 0.32317, Training Accuracy = 0.89000
Beginning epoch 93
Epoch 93, Bag number 100, Training Loss 0.31182, Training Accuracy = 0.88000
Beginning epoch 94
Epoch 94, Bag number 100, Training Loss 0.31203, Training Accuracy = 0.89000
Beginning epoch 95
Epoch 95, Bag number 100, Training Loss 0.30854, Training Accuracy = 0.90000
Beginning epoch 96
Epoch 96, Bag number 100, Training Loss 0.29306, Training Accuracy = 0.90000
Beginning epoch 97
Epoch 97, Bag number 100, Training Loss 0.28722, Training Accuracy = 0.91000
Beginning epoch 98
Epoch 98, Bag number 100, Training Loss 0.29594, Training Accuracy = 0.93000
Beginning epoch 99
Epoch 99, Bag number 100, Training Loss 0.27360, Training Accuracy = 0.91000
Beginning epoch 100
Epoch 100, Bag number 100, Training Loss 0.27835, Training Accuracy = 0.91000
Test Accuracy: 0.75000
precision: 0.78947
recall: 0.71429
F-Score: 0.75000
AUC: 0.75188
