INFO:    underlay of /usr/bin/nvidia-smi required more than 50 (517) bind mounts
Args parsed!
Beginning training
Beginning epoch 1
Epoch 1, Bag number 100, Training Loss 0.69054, Training Accuracy = 0.54000
Beginning epoch 2
Epoch 2, Bag number 100, Training Loss 0.68903, Training Accuracy = 0.55000
Beginning epoch 3
Epoch 3, Bag number 100, Training Loss 0.68935, Training Accuracy = 0.55000
Beginning epoch 4
Epoch 4, Bag number 100, Training Loss 0.68713, Training Accuracy = 0.55000
Beginning epoch 5
Epoch 5, Bag number 100, Training Loss 0.68697, Training Accuracy = 0.55000
Beginning epoch 6
Epoch 6, Bag number 100, Training Loss 0.68666, Training Accuracy = 0.55000
Beginning epoch 7
Epoch 7, Bag number 100, Training Loss 0.68494, Training Accuracy = 0.55000
Beginning epoch 8
Epoch 8, Bag number 100, Training Loss 0.68449, Training Accuracy = 0.55000
Beginning epoch 9
Epoch 9, Bag number 100, Training Loss 0.68248, Training Accuracy = 0.55000
Beginning epoch 10
Epoch 10, Bag number 100, Training Loss 0.68014, Training Accuracy = 0.55000
Beginning epoch 11
Epoch 11, Bag number 100, Training Loss 0.67827, Training Accuracy = 0.58000
Beginning epoch 12
Epoch 12, Bag number 100, Training Loss 0.67843, Training Accuracy = 0.56000
Beginning epoch 13
Epoch 13, Bag number 100, Training Loss 0.67598, Training Accuracy = 0.56000
Beginning epoch 14
Epoch 14, Bag number 100, Training Loss 0.67386, Training Accuracy = 0.62000
Beginning epoch 15
Epoch 15, Bag number 100, Training Loss 0.67238, Training Accuracy = 0.62000
Beginning epoch 16
Epoch 16, Bag number 100, Training Loss 0.66847, Training Accuracy = 0.67000
Beginning epoch 17
Epoch 17, Bag number 100, Training Loss 0.66496, Training Accuracy = 0.68000
Beginning epoch 18
Epoch 18, Bag number 100, Training Loss 0.66202, Training Accuracy = 0.68000
Beginning epoch 19
Epoch 19, Bag number 100, Training Loss 0.65793, Training Accuracy = 0.70000
Beginning epoch 20
Epoch 20, Bag number 100, Training Loss 0.65389, Training Accuracy = 0.68000
Beginning epoch 21
Epoch 21, Bag number 100, Training Loss 0.65024, Training Accuracy = 0.71000
Beginning epoch 22
Epoch 22, Bag number 100, Training Loss 0.64273, Training Accuracy = 0.70000
Beginning epoch 23
Epoch 23, Bag number 100, Training Loss 0.63646, Training Accuracy = 0.73000
Beginning epoch 24
Epoch 24, Bag number 100, Training Loss 0.62747, Training Accuracy = 0.74000
Beginning epoch 25
Epoch 25, Bag number 100, Training Loss 0.62100, Training Accuracy = 0.74000
Beginning epoch 26
Epoch 26, Bag number 100, Training Loss 0.61140, Training Accuracy = 0.72000
Beginning epoch 27
Epoch 27, Bag number 100, Training Loss 0.59971, Training Accuracy = 0.73000
Beginning epoch 28
Epoch 28, Bag number 100, Training Loss 0.58486, Training Accuracy = 0.76000
Beginning epoch 29
Epoch 29, Bag number 100, Training Loss 0.57705, Training Accuracy = 0.79000
Beginning epoch 30
Epoch 30, Bag number 100, Training Loss 0.56337, Training Accuracy = 0.77000
Beginning epoch 31
Epoch 31, Bag number 100, Training Loss 0.54273, Training Accuracy = 0.79000
Beginning epoch 32
Epoch 32, Bag number 100, Training Loss 0.53080, Training Accuracy = 0.80000
Beginning epoch 33
Epoch 33, Bag number 100, Training Loss 0.51112, Training Accuracy = 0.82000
Beginning epoch 34
Epoch 34, Bag number 100, Training Loss 0.50382, Training Accuracy = 0.81000
Beginning epoch 35
Epoch 35, Bag number 100, Training Loss 0.48771, Training Accuracy = 0.80000
Beginning epoch 36
Epoch 36, Bag number 100, Training Loss 0.46785, Training Accuracy = 0.82000
Beginning epoch 37
Epoch 37, Bag number 100, Training Loss 0.46314, Training Accuracy = 0.84000
Beginning epoch 38
Epoch 38, Bag number 100, Training Loss 0.44188, Training Accuracy = 0.86000
Beginning epoch 39
Epoch 39, Bag number 100, Training Loss 0.42961, Training Accuracy = 0.82000
Beginning epoch 40
Epoch 40, Bag number 100, Training Loss 0.42094, Training Accuracy = 0.85000
Beginning epoch 41
Epoch 41, Bag number 100, Training Loss 0.41324, Training Accuracy = 0.83000
Beginning epoch 42
Epoch 42, Bag number 100, Training Loss 0.39750, Training Accuracy = 0.84000
Beginning epoch 43
Epoch 43, Bag number 100, Training Loss 0.38285, Training Accuracy = 0.88000
Beginning epoch 44
Epoch 44, Bag number 100, Training Loss 0.37218, Training Accuracy = 0.84000
Beginning epoch 45
Epoch 45, Bag number 100, Training Loss 0.36938, Training Accuracy = 0.85000
Beginning epoch 46
Epoch 46, Bag number 100, Training Loss 0.35400, Training Accuracy = 0.87000
Beginning epoch 47
Epoch 47, Bag number 100, Training Loss 0.35656, Training Accuracy = 0.86000
Beginning epoch 48
Epoch 48, Bag number 100, Training Loss 0.33806, Training Accuracy = 0.87000
Beginning epoch 49
Epoch 49, Bag number 100, Training Loss 0.33790, Training Accuracy = 0.88000
Beginning epoch 50
Epoch 50, Bag number 100, Training Loss 0.31951, Training Accuracy = 0.89000
Beginning epoch 51
Epoch 51, Bag number 100, Training Loss 0.31785, Training Accuracy = 0.87000
Beginning epoch 52
Epoch 52, Bag number 100, Training Loss 0.30224, Training Accuracy = 0.88000
Beginning epoch 53
Epoch 53, Bag number 100, Training Loss 0.29134, Training Accuracy = 0.90000
Beginning epoch 54
Epoch 54, Bag number 100, Training Loss 0.29412, Training Accuracy = 0.90000
Beginning epoch 55
Epoch 55, Bag number 100, Training Loss 0.29212, Training Accuracy = 0.90000
Beginning epoch 56
Epoch 56, Bag number 100, Training Loss 0.26940, Training Accuracy = 0.91000
Beginning epoch 57
Epoch 57, Bag number 100, Training Loss 0.26826, Training Accuracy = 0.89000
Beginning epoch 58
Epoch 58, Bag number 100, Training Loss 0.25218, Training Accuracy = 0.91000
Beginning epoch 59
Epoch 59, Bag number 100, Training Loss 0.26601, Training Accuracy = 0.91000
Beginning epoch 60
Epoch 60, Bag number 100, Training Loss 0.25899, Training Accuracy = 0.91000
Beginning epoch 61
Epoch 61, Bag number 100, Training Loss 0.24279, Training Accuracy = 0.94000
Beginning epoch 62
Epoch 62, Bag number 100, Training Loss 0.22069, Training Accuracy = 0.95000
Beginning epoch 63
Epoch 63, Bag number 100, Training Loss 0.22881, Training Accuracy = 0.93000
Beginning epoch 64
Epoch 64, Bag number 100, Training Loss 0.23546, Training Accuracy = 0.92000
Beginning epoch 65
Epoch 65, Bag number 100, Training Loss 0.22323, Training Accuracy = 0.94000
Beginning epoch 66
Epoch 66, Bag number 100, Training Loss 0.21451, Training Accuracy = 0.96000
Beginning epoch 67
Epoch 67, Bag number 100, Training Loss 0.20173, Training Accuracy = 0.94000
Beginning epoch 68
Epoch 68, Bag number 100, Training Loss 0.20774, Training Accuracy = 0.96000
Beginning epoch 69
Epoch 69, Bag number 100, Training Loss 0.21498, Training Accuracy = 0.92000
Beginning epoch 70
Epoch 70, Bag number 100, Training Loss 0.19908, Training Accuracy = 0.95000
Beginning epoch 71
Epoch 71, Bag number 100, Training Loss 0.20251, Training Accuracy = 0.95000
Beginning epoch 72
Epoch 72, Bag number 100, Training Loss 0.19474, Training Accuracy = 0.93000
Beginning epoch 73
Epoch 73, Bag number 100, Training Loss 0.20189, Training Accuracy = 0.93000
Beginning epoch 74
Epoch 74, Bag number 100, Training Loss 0.18142, Training Accuracy = 0.97000
Beginning epoch 75
Epoch 75, Bag number 100, Training Loss 0.20641, Training Accuracy = 0.94000
Beginning epoch 76
Epoch 76, Bag number 100, Training Loss 0.19331, Training Accuracy = 0.93000
Beginning epoch 77
Epoch 77, Bag number 100, Training Loss 0.18753, Training Accuracy = 0.94000
Beginning epoch 78
Epoch 78, Bag number 100, Training Loss 0.19017, Training Accuracy = 0.95000
Beginning epoch 79
Epoch 79, Bag number 100, Training Loss 0.18907, Training Accuracy = 0.94000
Beginning epoch 80
Epoch 80, Bag number 100, Training Loss 0.17308, Training Accuracy = 0.95000
Beginning epoch 81
Epoch 81, Bag number 100, Training Loss 0.18481, Training Accuracy = 0.97000
Beginning epoch 82
Epoch 82, Bag number 100, Training Loss 0.16712, Training Accuracy = 0.96000
Beginning epoch 83
Epoch 83, Bag number 100, Training Loss 0.17630, Training Accuracy = 0.96000
Beginning epoch 84
Epoch 84, Bag number 100, Training Loss 0.17465, Training Accuracy = 0.94000
Beginning epoch 85
Epoch 85, Bag number 100, Training Loss 0.16747, Training Accuracy = 0.95000
Beginning epoch 86
Epoch 86, Bag number 100, Training Loss 0.16573, Training Accuracy = 0.95000
Beginning epoch 87
Epoch 87, Bag number 100, Training Loss 0.16863, Training Accuracy = 0.94000
Beginning epoch 88
Epoch 88, Bag number 100, Training Loss 0.15995, Training Accuracy = 0.97000
Beginning epoch 89
Epoch 89, Bag number 100, Training Loss 0.17687, Training Accuracy = 0.94000
Beginning epoch 90
Epoch 90, Bag number 100, Training Loss 0.16958, Training Accuracy = 0.94000
Beginning epoch 91
Epoch 91, Bag number 100, Training Loss 0.15569, Training Accuracy = 0.96000
Beginning epoch 92
Epoch 92, Bag number 100, Training Loss 0.14774, Training Accuracy = 0.97000
Beginning epoch 93
Epoch 93, Bag number 100, Training Loss 0.15587, Training Accuracy = 0.95000
Beginning epoch 94
Epoch 94, Bag number 100, Training Loss 0.15267, Training Accuracy = 0.97000
Beginning epoch 95
Epoch 95, Bag number 100, Training Loss 0.14310, Training Accuracy = 0.98000
Beginning epoch 96
Epoch 96, Bag number 100, Training Loss 0.15867, Training Accuracy = 0.96000
Beginning epoch 97
Epoch 97, Bag number 100, Training Loss 0.14407, Training Accuracy = 0.97000
Beginning epoch 98
Epoch 98, Bag number 100, Training Loss 0.13747, Training Accuracy = 0.98000
Beginning epoch 99
Epoch 99, Bag number 100, Training Loss 0.15366, Training Accuracy = 0.96000
Beginning epoch 100
Epoch 100, Bag number 100, Training Loss 0.14667, Training Accuracy = 0.96000
Test Accuracy: 0.55000
precision: 0.56000
recall: 0.66667
F-Score: 0.60870
AUC: 0.54386
